c:\users\n8nny\documents\zombie shooter\zombie shooter\debug\vc141.pdb
c:\users\n8nny\documents\zombie shooter\zombie shooter\debug\vc141.idb
c:\users\n8nny\documents\zombie shooter\zombie shooter\debug\main.obj
c:\users\n8nny\documents\zombie shooter\zombie shooter\debug\player.obj
c:\users\n8nny\documents\zombie shooter\zombie shooter\debug\shooter.obj
c:\users\n8nny\documents\zombie shooter\zombie shooter\debug\enemy.obj
c:\users\n8nny\documents\zombie shooter\zombie shooter\debug\random.obj
c:\users\n8nny\documents\zombie shooter\zombie shooter\debug\text.obj
c:\users\n8nny\documents\zombie shooter\zombie shooter\debug\gameplay.obj
c:\users\n8nny\documents\zombie shooter\zombie shooter\debug\pickup.obj
c:\users\n8nny\documents\zombie shooter\debug\zombie shooter.exe
c:\users\n8nny\documents\zombie shooter\debug\zombie shooter.ilk
c:\users\n8nny\documents\zombie shooter\debug\zombie shooter.pdb
c:\users\n8nny\documents\zombie shooter\zombie shooter\debug\main.obj.enc
c:\users\n8nny\documents\zombie shooter\zombie shooter\debug\zombie shooter.tlog\cl.command.1.tlog
c:\users\n8nny\documents\zombie shooter\zombie shooter\debug\zombie shooter.tlog\cl.read.1.tlog
c:\users\n8nny\documents\zombie shooter\zombie shooter\debug\zombie shooter.tlog\cl.write.1.tlog
c:\users\n8nny\documents\zombie shooter\zombie shooter\debug\zombie shooter.tlog\link.12000-cvtres.read.1.tlog
c:\users\n8nny\documents\zombie shooter\zombie shooter\debug\zombie shooter.tlog\link.12000-cvtres.write.1.tlog
c:\users\n8nny\documents\zombie shooter\zombie shooter\debug\zombie shooter.tlog\link.12000-rc.read.1.tlog
c:\users\n8nny\documents\zombie shooter\zombie shooter\debug\zombie shooter.tlog\link.12000-rc.write.1.tlog
c:\users\n8nny\documents\zombie shooter\zombie shooter\debug\zombie shooter.tlog\link.12000.read.1.tlog
c:\users\n8nny\documents\zombie shooter\zombie shooter\debug\zombie shooter.tlog\link.12000.write.1.tlog
c:\users\n8nny\documents\zombie shooter\zombie shooter\debug\zombie shooter.tlog\link.command.1.tlog
c:\users\n8nny\documents\zombie shooter\zombie shooter\debug\zombie shooter.tlog\link.read.1.tlog
c:\users\n8nny\documents\zombie shooter\zombie shooter\debug\zombie shooter.tlog\link.write.1.tlog
